<?xml version="1.0" encoding="UTF-8"?>
<!-- Generated by org.testng.reporters.JUnitXMLReporter -->
<testsuite hostname="TCOE-7374J0N-LX" ignored="0" name="Sign In Tests" tests="3" failures="0" timestamp="23 Apr 2018 04:20:51 GMT" time="0.037" errors="0">
  <testcase name="@BeforeMethod beforeMethod" time="0.002" classname="com.seleniumbootcampframework.core.Browser">
    <failure type="java.lang.NullPointerException">
      <![CDATA[java.lang.NullPointerException
	at com.seleniumbootcampframework.core.Browser.openBrowser(Browser.java:177)
	at com.seleniumbootcampframework.core.Browser.beforeMethod(Browser.java:350)
	at java.util.concurrent.ThreadPoolExecutor.runWorker(ThreadPoolExecutor.java:1149)
	at java.util.concurrent.ThreadPoolExecutor$Worker.run(ThreadPoolExecutor.java:624)
	at java.lang.Thread.run(Thread.java:748)
... Removed 12 stack frames]]>
    </failure>
  </testcase> <!-- @BeforeMethod beforeMethod -->
  <testcase name="@BeforeMethod beforeMethod" time="0.002" classname="com.seleniumbootcampframework.core.Browser">
    <failure type="java.lang.NullPointerException">
      <![CDATA[java.lang.NullPointerException
	at com.seleniumbootcampframework.core.Browser.openBrowser(Browser.java:177)
	at com.seleniumbootcampframework.core.Browser.beforeMethod(Browser.java:350)
	at java.util.concurrent.ThreadPoolExecutor.runWorker(ThreadPoolExecutor.java:1149)
	at java.util.concurrent.ThreadPoolExecutor$Worker.run(ThreadPoolExecutor.java:624)
	at java.lang.Thread.run(Thread.java:748)
... Removed 12 stack frames]]>
    </failure>
  </testcase> <!-- @BeforeMethod beforeMethod -->
  <testcase name="@BeforeMethod beforeMethod" time="0.002" classname="com.seleniumbootcampframework.core.Browser">
    <failure type="java.lang.NullPointerException">
      <![CDATA[java.lang.NullPointerException
	at com.seleniumbootcampframework.core.Browser.openBrowser(Browser.java:177)
	at com.seleniumbootcampframework.core.Browser.beforeMethod(Browser.java:350)
	at java.util.concurrent.ThreadPoolExecutor.runWorker(ThreadPoolExecutor.java:1149)
	at java.util.concurrent.ThreadPoolExecutor$Worker.run(ThreadPoolExecutor.java:624)
	at java.lang.Thread.run(Thread.java:748)
... Removed 12 stack frames]]>
    </failure>
  </testcase> <!-- @BeforeMethod beforeMethod -->
  <testcase name="signInWithUnregisteredUser" time="0.001" classname="com.seleniumbootcampframework.tests.SignInTest">
    <skipped/>
  </testcase> <!-- signInWithUnregisteredUser -->
  <testcase name="signInWithRegisteredUser" time="0.0" classname="com.seleniumbootcampframework.tests.SignInTest">
    <skipped/>
  </testcase> <!-- signInWithRegisteredUser -->
  <testcase name="successfulScreenshotForFailedTest" time="0.0" classname="com.seleniumbootcampframework.tests.SignInTest">
    <skipped/>
  </testcase> <!-- successfulScreenshotForFailedTest -->
</testsuite> <!-- Sign In Tests -->
